Building DAG of jobs...
Full Traceback (most recent call last):
  File "/home/pallagi4/miniconda3/lib/python3.6/site-packages/snakemake/__init__.py", line 544, in snakemake
    export_cwl=export_cwl)
  File "/home/pallagi4/miniconda3/lib/python3.6/site-packages/snakemake/workflow.py", line 421, in execute
    dag.init()
  File "/home/pallagi4/miniconda3/lib/python3.6/site-packages/snakemake/dag.py", line 122, in init
    job = self.update([job], progress=progress)
  File "/home/pallagi4/miniconda3/lib/python3.6/site-packages/snakemake/dag.py", line 628, in update
    raise exceptions[0]
  File "/home/pallagi4/miniconda3/lib/python3.6/site-packages/snakemake/dag.py", line 600, in update
    progress=progress)
  File "/home/pallagi4/miniconda3/lib/python3.6/site-packages/snakemake/dag.py", line 670, in update_
    raise ex
  File "/home/pallagi4/miniconda3/lib/python3.6/site-packages/snakemake/dag.py", line 663, in update_
    progress=progress)
  File "/home/pallagi4/miniconda3/lib/python3.6/site-packages/snakemake/dag.py", line 628, in update
    raise exceptions[0]
  File "/home/pallagi4/miniconda3/lib/python3.6/site-packages/snakemake/dag.py", line 600, in update
    progress=progress)
  File "/home/pallagi4/miniconda3/lib/python3.6/site-packages/snakemake/dag.py", line 670, in update_
    raise ex
  File "/home/pallagi4/miniconda3/lib/python3.6/site-packages/snakemake/dag.py", line 663, in update_
    progress=progress)
  File "/home/pallagi4/miniconda3/lib/python3.6/site-packages/snakemake/dag.py", line 628, in update
    raise exceptions[0]
  File "/home/pallagi4/miniconda3/lib/python3.6/site-packages/snakemake/dag.py", line 600, in update
    progress=progress)
  File "/home/pallagi4/miniconda3/lib/python3.6/site-packages/snakemake/dag.py", line 679, in update_
    raise MissingInputException(job.rule, missing_input)
snakemake.exceptions.MissingInputException: Missing input files for rule computeFactors:
/da/ATI/bioinformatics/projects/ATI9EDA/2018-11-05_AMP_scRNAseq_RA_LN/latentFactors_pipeline/output/cogaps_output/loadings_46_4.feather
/da/ATI/bioinformatics/projects/ATI9EDA/2018-11-05_AMP_scRNAseq_RA_LN/latentFactors_pipeline/output/cogaps_output/loadings_23_4.feather
/da/ATI/bioinformatics/projects/ATI9EDA/2018-11-05_AMP_scRNAseq_RA_LN/latentFactors_pipeline/output/hpf_output/lda_23_4.rds
/da/ATI/bioinformatics/projects/ATI9EDA/2018-11-05_AMP_scRNAseq_RA_LN/latentFactors_pipeline/output/hpf_output/lda_46_4.rds
/da/ATI/bioinformatics/projects/ATI9EDA/2018-11-05_AMP_scRNAseq_RA_LN/latentFactors_pipeline/output/cogaps_output/metrics_83_4.feather
/da/ATI/bioinformatics/projects/ATI9EDA/2018-11-05_AMP_scRNAseq_RA_LN/latentFactors_pipeline/output/cogaps_output/factors_23_4.feather
/da/ATI/bioinformatics/projects/ATI9EDA/2018-11-05_AMP_scRNAseq_RA_LN/latentFactors_pipeline/output/cogaps_output/factors_46_4.feather
/da/ATI/bioinformatics/projects/ATI9EDA/2018-11-05_AMP_scRNAseq_RA_LN/latentFactors_pipeline/output/cogaps_output/factors_83_4.feather
/da/ATI/bioinformatics/projects/ATI9EDA/2018-11-05_AMP_scRNAseq_RA_LN/latentFactors_pipeline/output/cogaps_output/metrics_23_4.feather
/da/ATI/bioinformatics/projects/ATI9EDA/2018-11-05_AMP_scRNAseq_RA_LN/latentFactors_pipeline/output/hpf_output/lda_83_4.rds
/da/ATI/bioinformatics/projects/ATI9EDA/2018-11-05_AMP_scRNAseq_RA_LN/latentFactors_pipeline/output/cogaps_output/loadings_83_4.feather
/da/ATI/bioinformatics/projects/ATI9EDA/2018-11-05_AMP_scRNAseq_RA_LN/latentFactors_pipeline/output/cogaps_output/metrics_46_4.feather

MissingInputException in line 104 of /da/ATI/bioinformatics/projects/ATI9EDA/2018-11-05_AMP_scRNAseq_RA_LN/latentFactors_pipeline/Snakefile:
Missing input files for rule computeFactors:
/da/ATI/bioinformatics/projects/ATI9EDA/2018-11-05_AMP_scRNAseq_RA_LN/latentFactors_pipeline/output/cogaps_output/loadings_46_4.feather
/da/ATI/bioinformatics/projects/ATI9EDA/2018-11-05_AMP_scRNAseq_RA_LN/latentFactors_pipeline/output/cogaps_output/loadings_23_4.feather
/da/ATI/bioinformatics/projects/ATI9EDA/2018-11-05_AMP_scRNAseq_RA_LN/latentFactors_pipeline/output/hpf_output/lda_23_4.rds
/da/ATI/bioinformatics/projects/ATI9EDA/2018-11-05_AMP_scRNAseq_RA_LN/latentFactors_pipeline/output/hpf_output/lda_46_4.rds
/da/ATI/bioinformatics/projects/ATI9EDA/2018-11-05_AMP_scRNAseq_RA_LN/latentFactors_pipeline/output/cogaps_output/metrics_83_4.feather
/da/ATI/bioinformatics/projects/ATI9EDA/2018-11-05_AMP_scRNAseq_RA_LN/latentFactors_pipeline/output/cogaps_output/factors_23_4.feather
/da/ATI/bioinformatics/projects/ATI9EDA/2018-11-05_AMP_scRNAseq_RA_LN/latentFactors_pipeline/output/cogaps_output/factors_46_4.feather
/da/ATI/bioinformatics/projects/ATI9EDA/2018-11-05_AMP_scRNAseq_RA_LN/latentFactors_pipeline/output/cogaps_output/factors_83_4.feather
/da/ATI/bioinformatics/projects/ATI9EDA/2018-11-05_AMP_scRNAseq_RA_LN/latentFactors_pipeline/output/cogaps_output/metrics_23_4.feather
/da/ATI/bioinformatics/projects/ATI9EDA/2018-11-05_AMP_scRNAseq_RA_LN/latentFactors_pipeline/output/hpf_output/lda_83_4.rds
/da/ATI/bioinformatics/projects/ATI9EDA/2018-11-05_AMP_scRNAseq_RA_LN/latentFactors_pipeline/output/cogaps_output/loadings_83_4.feather
/da/ATI/bioinformatics/projects/ATI9EDA/2018-11-05_AMP_scRNAseq_RA_LN/latentFactors_pipeline/output/cogaps_output/metrics_46_4.feather
